<?xml version="1.0" encoding="UTF-8"?>
<!-- Generated by org.testng.reporters.JUnitXMLReporter -->
<testsuite hostname="LAPTOP-9NK0OFQK" ignored="0" name="Default test" tests="5" failures="0" timestamp="17 Apr 2020 20:50:54 GMT" time="70.851" errors="0">
  <testcase name="regression_tc02" time="30.719" classname="com.reggrassion.MarketData"/>
  <testcase name="regression_tc3" time="4.854" classname="com.reggrassion.MarketData"/>
  <testcase name="regression_tc4" time="3.737" classname="com.reggrassion.MarketData"/>
  <testcase name="regression_tc5" time="2.491" classname="com.reggrassion.MarketData"/>
  <testcase name="regression_tc6" time="1.779" classname="com.reggrassion.MarketData"/>
</testsuite> <!-- Default test -->
